e:\vms_data\triangulatevms\triangulatevms\x64\debug\triangulatevms_64.pch
e:\vms_data\triangulatevms\triangulatevms\x64\debug\vc142.pdb
e:\vms_data\triangulatevms\triangulatevms\x64\debug\vc142.idb
e:\vms_data\triangulatevms\triangulatevms\x64\debug\stdafx.obj
e:\vms_data\triangulatevms\triangulatevms\x64\debug\triangulatevms.obj
e:\vms_data\triangulatevms\libraries\triangulatevms_64.ilk
e:\vms_data\triangulatevms\libraries\triangulatevms_64.exe
e:\vms_data\triangulatevms\libraries\triangulatevms_64.pdb
h:\code\triangulatevms\triangulatevms\x64\debug\stdafx.obj
h:\code\triangulatevms\triangulatevms\x64\debug\triangulatevms.obj
h:\code\triangulatevms\triangulatevms\x64\debug\triangulatevms_64.pch
h:\code\triangulatevms\triangulatevms\x64\debug\vc142.idb
h:\code\triangulatevms\triangulatevms\x64\debug\vc142.pdb
h:\code\triangulatevms\triangulatevms\../libraries/triangulatevms_64.exe
h:\code\triangulatevms\triangulatevms\x64\debug\triangulatevms.tlog\cl.command.1.tlog
h:\code\triangulatevms\triangulatevms\x64\debug\triangulatevms.tlog\cl.read.1.tlog
h:\code\triangulatevms\triangulatevms\x64\debug\triangulatevms.tlog\cl.write.1.tlog
h:\code\triangulatevms\triangulatevms\x64\debug\triangulatevms.tlog\link.command.1.tlog
h:\code\triangulatevms\triangulatevms\x64\debug\triangulatevms.tlog\link.read.1.tlog
h:\code\triangulatevms\triangulatevms\x64\debug\triangulatevms.tlog\link.write.1.tlog
